<?xml version="1.0" encoding="utf-8"?><testsuites name="pytest tests"><testsuite name="pytest" errors="0" failures="4" skipped="0" tests="24" time="3.273" timestamp="2026-01-10T23:32:41.050665+00:00" hostname="agent-env-bfc38374-35fa-40cb-8303-29cfb2667427"><testcase classname="tests.test_auth_api.TestAuthLogin" name="test_admin_login_success" time="0.294" /><testcase classname="tests.test_auth_api.TestAuthLogin" name="test_login_invalid_credentials" time="0.045" /><testcase classname="tests.test_auth_api.TestAuthLogin" name="test_login_missing_fields" time="0.047" /><testcase classname="tests.test_auth_api.TestAuthRegister" name="test_register_new_user" time="0.261" /><testcase classname="tests.test_auth_api.TestAuthRegister" name="test_register_duplicate_email" time="0.037" /><testcase classname="tests.test_auth_api.TestAuthMe" name="test_get_current_user_with_valid_token" time="0.298" /><testcase classname="tests.test_auth_api.TestAuthMe" name="test_get_current_user_without_token" time="0.038" /><testcase classname="tests.test_auth_api.TestAuthMe" name="test_get_current_user_with_invalid_token" time="0.076" /><testcase classname="tests.test_auth_api.TestAdminUsers" name="test_get_all_users_as_admin" time="0.299" /><testcase classname="tests.test_auth_api.TestAdminUsers" name="test_get_all_users_without_token" time="0.040" /><testcase classname="tests.test_auth_api.TestAdminUsers" name="test_get_all_users_as_regular_user" time="0.300" /><testcase classname="tests.test_auth_api.TestAdminUsers" name="test_admin_create_user" time="0.521" /><testcase classname="tests.test_auth_api.TestProductsCRUD" name="test_get_products" time="0.036" /><testcase classname="tests.test_auth_api.TestProductsCRUD" name="test_create_product" time="0.039" /><testcase classname="tests.test_auth_api.TestProductsCRUD" name="test_create_update_delete_product" time="0.106"><failure message="assert 404 == 200&#10; +  where 404 = &lt;Response [404]&gt;.status_code">tests/test_auth_api.py:308: in test_create_update_delete_product
    assert delete_response.status_code == 200
E   assert 404 == 200
E    +  where 404 = &lt;Response [404]&gt;.status_code</failure></testcase><testcase classname="tests.test_auth_api.TestServicesCRUD" name="test_get_services" time="0.035" /><testcase classname="tests.test_auth_api.TestServicesCRUD" name="test_create_update_delete_service" time="0.132"><failure message="assert 404 == 200&#10; +  where 404 = &lt;Response [404]&gt;.status_code">tests/test_auth_api.py:359: in test_create_update_delete_service
    assert delete_response.status_code == 200
E   assert 404 == 200
E    +  where 404 = &lt;Response [404]&gt;.status_code</failure></testcase><testcase classname="tests.test_auth_api.TestClassesCRUD" name="test_get_classes" time="0.037" /><testcase classname="tests.test_auth_api.TestClassesCRUD" name="test_create_update_delete_class" time="0.153"><failure message="assert 404 == 200&#10; +  where 404 = &lt;Response [404]&gt;.status_code">tests/test_auth_api.py:406: in test_create_update_delete_class
    assert delete_response.status_code == 200
E   assert 404 == 200
E    +  where 404 = &lt;Response [404]&gt;.status_code</failure></testcase><testcase classname="tests.test_auth_api.TestRetreatsCRUD" name="test_get_retreats" time="0.035" /><testcase classname="tests.test_auth_api.TestRetreatsCRUD" name="test_create_update_delete_retreat" time="0.124"><failure message="assert 404 == 200&#10; +  where 404 = &lt;Response [404]&gt;.status_code">tests/test_auth_api.py:453: in test_create_update_delete_retreat
    assert delete_response.status_code == 200
E   assert 404 == 200
E    +  where 404 = &lt;Response [404]&gt;.status_code</failure></testcase><testcase classname="tests.test_auth_api.TestFundraisersCRUD" name="test_get_fundraisers" time="0.038" /><testcase classname="tests.test_auth_api.TestFundraisersCRUD" name="test_create_and_update_status_fundraiser" time="0.117" /><testcase classname="tests.test_auth_api.TestSenderEmailConfig" name="test_sender_email_in_env" time="0.039" /></testsuite></testsuites>