<?xml version="1.0" encoding="utf-8"?><testsuites name="pytest tests"><testsuite name="pytest" errors="0" failures="0" skipped="0" tests="16" time="4.255" timestamp="2026-01-29T13:39:38.766482+00:00" hostname="agent-env-fe44261e-8444-46db-9cc2-e2496fd44268"><testcase classname="backend.tests.test_new_payment_features.TestPaymentConfig" name="test_get_payment_config_all" time="0.064" /><testcase classname="backend.tests.test_new_payment_features.TestPaymentConfig" name="test_get_square_payment_config" time="0.048" /><testcase classname="backend.tests.test_new_payment_features.TestLowStockSettings" name="test_get_low_stock_settings" time="0.052" /><testcase classname="backend.tests.test_new_payment_features.TestLowStockSettings" name="test_update_low_stock_settings" time="0.445" /><testcase classname="backend.tests.test_new_payment_features.TestProductLowStockThreshold" name="test_products_have_low_stock_threshold" time="0.045" /><testcase classname="backend.tests.test_new_payment_features.TestCSVExports" name="test_export_revenue_csv" time="0.330" /><testcase classname="backend.tests.test_new_payment_features.TestCSVExports" name="test_export_orders_csv" time="0.303" /><testcase classname="backend.tests.test_new_payment_features.TestCSVExports" name="test_export_products_csv" time="0.322" /><testcase classname="backend.tests.test_new_payment_features.TestCSVExports" name="test_export_users_csv" time="0.304" /><testcase classname="backend.tests.test_new_payment_features.TestCSVExports" name="test_export_appointments_csv" time="0.320" /><testcase classname="backend.tests.test_new_payment_features.TestCSVExports" name="test_export_classes_csv" time="0.311" /><testcase classname="backend.tests.test_new_payment_features.TestCSVExports" name="test_export_retreats_csv" time="0.331" /><testcase classname="backend.tests.test_new_payment_features.TestCSVExports" name="test_export_fundraisers_csv" time="0.317" /><testcase classname="backend.tests.test_new_payment_features.TestStripePayment" name="test_stripe_create_session" time="0.543" /><testcase classname="backend.tests.test_new_payment_features.TestPayPalPayment" name="test_paypal_create_order" time="0.077" /><testcase classname="backend.tests.test_new_payment_features.TestPayPalPayment" name="test_paypal_capture_order" time="0.356" /></testsuite></testsuites>