<?xml version="1.0" encoding="utf-8"?><testsuites name="pytest tests"><testsuite name="pytest" errors="0" failures="0" skipped="9" tests="16" time="2.199" timestamp="2026-01-29T13:38:47.534774+00:00" hostname="agent-env-fe44261e-8444-46db-9cc2-e2496fd44268"><testcase classname="backend.tests.test_new_payment_features.TestPaymentConfig" name="test_get_payment_config_all" time="0.090" /><testcase classname="backend.tests.test_new_payment_features.TestPaymentConfig" name="test_get_square_payment_config" time="0.044" /><testcase classname="backend.tests.test_new_payment_features.TestLowStockSettings" name="test_get_low_stock_settings" time="0.052" /><testcase classname="backend.tests.test_new_payment_features.TestLowStockSettings" name="test_update_low_stock_settings" time="0.034"><skipped type="pytest.skip" message="Admin login failed - skipping authenticated test">/app/backend/tests/test_new_payment_features.py:77: Admin login failed - skipping authenticated test</skipped></testcase><testcase classname="backend.tests.test_new_payment_features.TestProductLowStockThreshold" name="test_products_have_low_stock_threshold" time="0.051" /><testcase classname="backend.tests.test_new_payment_features.TestCSVExports" name="test_export_revenue_csv" time="0.039"><skipped type="pytest.skip" message="Admin login failed - skipping CSV export tests">/app/backend/tests/test_new_payment_features.py:140: Admin login failed - skipping CSV export tests</skipped></testcase><testcase classname="backend.tests.test_new_payment_features.TestCSVExports" name="test_export_orders_csv" time="0.045"><skipped type="pytest.skip" message="Admin login failed - skipping CSV export tests">/app/backend/tests/test_new_payment_features.py:147: Admin login failed - skipping CSV export tests</skipped></testcase><testcase classname="backend.tests.test_new_payment_features.TestCSVExports" name="test_export_products_csv" time="0.047"><skipped type="pytest.skip" message="Admin login failed - skipping CSV export tests">/app/backend/tests/test_new_payment_features.py:154: Admin login failed - skipping CSV export tests</skipped></testcase><testcase classname="backend.tests.test_new_payment_features.TestCSVExports" name="test_export_users_csv" time="0.049"><skipped type="pytest.skip" message="Admin login failed - skipping CSV export tests">/app/backend/tests/test_new_payment_features.py:165: Admin login failed - skipping CSV export tests</skipped></testcase><testcase classname="backend.tests.test_new_payment_features.TestCSVExports" name="test_export_appointments_csv" time="0.041"><skipped type="pytest.skip" message="Admin login failed - skipping CSV export tests">/app/backend/tests/test_new_payment_features.py:172: Admin login failed - skipping CSV export tests</skipped></testcase><testcase classname="backend.tests.test_new_payment_features.TestCSVExports" name="test_export_classes_csv" time="0.044"><skipped type="pytest.skip" message="Admin login failed - skipping CSV export tests">/app/backend/tests/test_new_payment_features.py:179: Admin login failed - skipping CSV export tests</skipped></testcase><testcase classname="backend.tests.test_new_payment_features.TestCSVExports" name="test_export_retreats_csv" time="0.038"><skipped type="pytest.skip" message="Admin login failed - skipping CSV export tests">/app/backend/tests/test_new_payment_features.py:186: Admin login failed - skipping CSV export tests</skipped></testcase><testcase classname="backend.tests.test_new_payment_features.TestCSVExports" name="test_export_fundraisers_csv" time="0.051"><skipped type="pytest.skip" message="Admin login failed - skipping CSV export tests">/app/backend/tests/test_new_payment_features.py:193: Admin login failed - skipping CSV export tests</skipped></testcase><testcase classname="backend.tests.test_new_payment_features.TestStripePayment" name="test_stripe_create_session" time="0.990" /><testcase classname="backend.tests.test_new_payment_features.TestPayPalPayment" name="test_paypal_create_order" time="0.046" /><testcase classname="backend.tests.test_new_payment_features.TestPayPalPayment" name="test_paypal_capture_order" time="0.445" /></testsuite></testsuites>