<?xml version="1.0" encoding="utf-8"?><testsuites name="pytest tests"><testsuite name="pytest" errors="0" failures="0" skipped="0" tests="27" time="1.380" timestamp="2026-01-10T23:54:13.219787+00:00" hostname="agent-env-bfc38374-35fa-40cb-8303-29cfb2667427"><testcase classname="tests.test_new_features.TestImageUploadAPI" name="test_upload_image_success" time="0.341" /><testcase classname="tests.test_new_features.TestImageUploadAPI" name="test_upload_invalid_file_type" time="0.040" /><testcase classname="tests.test_new_features.TestImageUploadAPI" name="test_retrieve_uploaded_image" time="0.084" /><testcase classname="tests.test_new_features.TestImageUploadAPI" name="test_retrieve_nonexistent_image" time="0.039" /><testcase classname="tests.test_new_features.TestEmergencyRequestsAPI" name="test_create_emergency_request" time="0.020" /><testcase classname="tests.test_new_features.TestEmergencyRequestsAPI" name="test_get_emergency_requests" time="0.008" /><testcase classname="tests.test_new_features.TestEmergencyRequestsAPI" name="test_resolve_emergency_request" time="0.008" /><testcase classname="tests.test_new_features.TestEmergencyRequestsAPI" name="test_delete_emergency_request" time="0.049" /><testcase classname="tests.test_new_features.TestCommunityPostsAPI" name="test_create_community_post" time="0.019" /><testcase classname="tests.test_new_features.TestCommunityPostsAPI" name="test_get_community_posts" time="0.050" /><testcase classname="tests.test_new_features.TestCommunityPostsAPI" name="test_like_community_post" time="0.009" /><testcase classname="tests.test_new_features.TestCommunityPostsAPI" name="test_add_comment_to_post" time="0.012" /><testcase classname="tests.test_new_features.TestCommunityPostsAPI" name="test_delete_community_post" time="0.009" /><testcase classname="tests.test_new_features.TestContractTemplatesAPI" name="test_get_contract_templates" time="0.010" /><testcase classname="tests.test_new_features.TestContractTemplatesAPI" name="test_update_appointment_template" time="0.048" /><testcase classname="tests.test_new_features.TestContractTemplatesAPI" name="test_update_retreat_template" time="0.078" /><testcase classname="tests.test_new_features.TestContractTemplatesAPI" name="test_update_invalid_template_type" time="0.035" /><testcase classname="tests.test_new_features.TestSignedContractsAPI" name="test_create_signed_contract" time="0.019" /><testcase classname="tests.test_new_features.TestSignedContractsAPI" name="test_get_signed_contracts" time="0.051" /><testcase classname="tests.test_new_features.TestAnalyticsDashboardAPI" name="test_get_dashboard_analytics" time="0.044" /><testcase classname="tests.test_new_features.TestAnalyticsDashboardAPI" name="test_get_revenue_analytics" time="0.037" /><testcase classname="tests.test_new_features.TestAnalyticsDashboardAPI" name="test_get_product_analytics" time="0.038" /><testcase classname="tests.test_new_features.TestAnalyticsDashboardAPI" name="test_get_user_analytics" time="0.035" /><testcase classname="tests.test_new_features.TestAnalyticsDashboardAPI" name="test_get_appointment_analytics" time="0.036" /><testcase classname="tests.test_new_features.TestAnalyticsDashboardAPI" name="test_get_class_analytics" time="0.039" /><testcase classname="tests.test_new_features.TestAnalyticsDashboardAPI" name="test_get_retreat_analytics" time="0.035" /><testcase classname="tests.test_new_features.TestAnalyticsDashboardAPI" name="test_get_fundraiser_analytics" time="0.079" /></testsuite></testsuites>