<?xml version="1.0" encoding="utf-8"?><testsuites name="pytest tests"><testsuite name="pytest" errors="0" failures="0" skipped="1" tests="9" time="1.747" timestamp="2026-01-30T19:52:00.180660+00:00" hostname="agent-env-4613d294-2c97-4052-922d-eb3ca6469cb3"><testcase classname="backend.tests.test_plant_game.TestRewardTypesAPI" name="test_get_reward_types" time="0.079" /><testcase classname="backend.tests.test_plant_game.TestRewardTypesAPI" name="test_reward_types_have_correct_target_days" time="0.078" /><testcase classname="backend.tests.test_plant_game.TestManifestationsAPI" name="test_get_manifestations" time="0.043" /><testcase classname="backend.tests.test_plant_game.TestManifestationsAPI" name="test_manifestations_have_correct_plant_types" time="0.045" /><testcase classname="backend.tests.test_plant_game.TestManifestationsAPI" name="test_manifestations_have_plant_images" time="0.045" /><testcase classname="backend.tests.test_plant_game.TestPlantGameFlow" name="test_get_current_game_status" time="0.346" /><testcase classname="backend.tests.test_plant_game.TestPlantGameFlow" name="test_start_game_with_manifestation" time="0.343"><skipped type="pytest.skip" message="User already has active game">/app/backend/tests/test_plant_game.py:156: User already has active game</skipped></testcase><testcase classname="backend.tests.test_plant_game.TestPlantGameFlow" name="test_water_plant" time="0.355" /><testcase classname="backend.tests.test_plant_game.TestGameDataIntegrity" name="test_game_has_manifestation_image" time="0.340" /></testsuite></testsuites>