<?xml version="1.0" encoding="utf-8"?><testsuites name="pytest tests"><testsuite name="pytest" errors="0" failures="0" skipped="0" tests="8" time="0.943" timestamp="2026-01-14T17:31:22.874045+00:00" hostname="agent-env-bfc38374-35fa-40cb-8303-29cfb2667427"><testcase classname="tests.test_product_size_variants.TestProductSizeVariants" name="test_create_product_with_size_variants" time="0.128" /><testcase classname="tests.test_product_size_variants.TestProductSizeVariants" name="test_get_product_with_size_variants" time="0.156" /><testcase classname="tests.test_product_size_variants.TestProductSizeVariants" name="test_update_product_with_size_variants" time="0.163" /><testcase classname="tests.test_product_size_variants.TestProductSizeVariants" name="test_product_with_no_size_variants" time="0.073" /><testcase classname="tests.test_product_size_variants.TestProductSizeVariants" name="test_product_with_mixed_variant_prices" time="0.074" /><testcase classname="tests.test_product_size_variants.TestProductSizeVariants" name="test_delete_product_with_size_variants" time="0.194" /><testcase classname="tests.test_product_size_variants.TestProductAPIBasics" name="test_get_all_products" time="0.034" /><testcase classname="tests.test_product_size_variants.TestProductAPIBasics" name="test_get_categories" time="0.035" /></testsuite></testsuites>