<?xml version="1.0" encoding="utf-8"?><testsuites name="pytest tests"><testsuite name="pytest" errors="0" failures="0" skipped="0" tests="6" time="0.435" timestamp="2026-01-09T19:59:31.497513+00:00" hostname="agent-env-ecba2def-f410-4559-95e4-27fbd171accd"><testcase classname="tests.test_payment_api.TestPaymentConfig" name="test_get_payment_config_success" time="0.073" /><testcase classname="tests.test_payment_api.TestPaymentHistory" name="test_get_payment_history_success" time="0.044" /><testcase classname="tests.test_payment_api.TestPaymentHistory" name="test_get_payment_history_with_email_filter" time="0.036" /><testcase classname="tests.test_payment_api.TestPaymentOrder" name="test_get_nonexistent_order" time="0.040" /><testcase classname="tests.test_payment_api.TestRootEndpoint" name="test_root_endpoint" time="0.039" /><testcase classname="tests.test_payment_api.TestStatusEndpoint" name="test_create_and_get_status" time="0.103" /></testsuite></testsuites>