<?xml version="1.0" encoding="utf-8"?><testsuites name="pytest tests"><testsuite name="pytest" errors="0" failures="0" skipped="0" tests="17" time="0.874" timestamp="2026-01-15T22:20:22.685416+00:00" hostname="agent-env-22847399-b4c2-4b8b-a34c-5738a012c1cd"><testcase classname="tests.test_services_and_manifest.TestServicesAPI" name="test_get_services_endpoint_returns_200" time="0.081" /><testcase classname="tests.test_services_and_manifest.TestServicesAPI" name="test_get_services_returns_list" time="0.038" /><testcase classname="tests.test_services_and_manifest.TestServicesAPI" name="test_services_have_valid_ids" time="0.037" /><testcase classname="tests.test_services_and_manifest.TestServicesAPI" name="test_services_have_required_fields" time="0.041" /><testcase classname="tests.test_services_and_manifest.TestServicesAPI" name="test_create_service_returns_valid_id" time="0.117" /><testcase classname="tests.test_services_and_manifest.TestServicesAPI" name="test_existing_service_has_valid_data" time="0.078" /><testcase classname="tests.test_services_and_manifest.TestManifestAndIcons" name="test_manifest_json_accessible" time="0.038" /><testcase classname="tests.test_services_and_manifest.TestManifestAndIcons" name="test_manifest_has_correct_name" time="0.037" /><testcase classname="tests.test_services_and_manifest.TestManifestAndIcons" name="test_manifest_has_icons" time="0.041" /><testcase classname="tests.test_services_and_manifest.TestManifestAndIcons" name="test_manifest_has_theme_color" time="0.039" /><testcase classname="tests.test_services_and_manifest.TestManifestAndIcons" name="test_favicon_accessible" time="0.035" /><testcase classname="tests.test_services_and_manifest.TestManifestAndIcons" name="test_logo192_accessible" time="0.036" /><testcase classname="tests.test_services_and_manifest.TestManifestAndIcons" name="test_logo512_accessible" time="0.037" /><testcase classname="tests.test_services_and_manifest.TestManifestAndIcons" name="test_apple_touch_icon_accessible" time="0.036" /><testcase classname="tests.test_services_and_manifest.TestIndexHTML" name="test_index_html_accessible" time="0.040" /><testcase classname="tests.test_services_and_manifest.TestIndexHTML" name="test_index_html_has_correct_title" time="0.034" /><testcase classname="tests.test_services_and_manifest.TestIndexHTML" name="test_index_html_has_apple_meta_tags" time="0.039" /></testsuite></testsuites>